[0.182s] Invoking command in '/home/mark-ros2/robot_ws/build/turtlesim': CMAKE_PREFIX_PATH=${CMAKE_PREFIX_PATH}:/home/mark-ros2/robot_ws/install/myfirstpackage:/opt/ros/foxy /usr/bin/cmake --build /home/mark-ros2/robot_ws/build/turtlesim -- -j12 -l12
[0.231s] [  1%] Built target turtlesim__cpp
[0.233s] [ 11%] Built target turtlesim__rosidl_generator_c
[0.255s] [ 21%] Built target turtlesim__rosidl_typesupport_cpp
[0.255s] [ 40%] Built target turtlesim__rosidl_typesupport_c
[0.255s] [ 41%] Built target turtlesim__rosidl_typesupport_introspection_cpp
[0.258s] [ 51%] Built target turtlesim__rosidl_typesupport_introspection_c
[0.261s] [ 61%] Built target turtlesim__rosidl_typesupport_fastrtps_cpp
[0.288s] [ 71%] Built target turtlesim__rosidl_typesupport_fastrtps_c
[0.307s] [ 71%] Built target turtlesim
[0.319s] [35m[1mScanning dependencies of target draw_square[0m
[0.322s] make[2]: *** No rule to make target '/home/mark-ros2/robot_ws/src/ros_tutorials/turtlesim/tutorials/draw_square.cpp', needed by 'CMakeFiles/draw_square.dir/tutorials/draw_square.cpp.o'.  Stop.
[0.322s] make[1]: *** [CMakeFiles/Makefile2:158: CMakeFiles/draw_square.dir/all] Error 2
[0.322s] make[1]: *** Waiting for unfinished jobs....
[0.328s] [ 72%] Built target turtlesim__py
[0.338s] [ 76%] Built target turtle_teleop_key
[0.338s] [ 76%] Built target mimic
[0.354s] [ 82%] Built target turtlesim_node
[0.355s] make: *** [Makefile:141: all] Error 2
[0.357s] Invoked command in '/home/mark-ros2/robot_ws/build/turtlesim' returned '2': CMAKE_PREFIX_PATH=${CMAKE_PREFIX_PATH}:/home/mark-ros2/robot_ws/install/myfirstpackage:/opt/ros/foxy /usr/bin/cmake --build /home/mark-ros2/robot_ws/build/turtlesim -- -j12 -l12
